c:\users\comrade\source\repos\mykitfilms\debug\vc142.pdb
c:\users\comrade\source\repos\mykitfilms\debug\vc142.idb
c:\users\comrade\source\repos\mykitfilms\debug\main.obj
c:\users\comrade\source\repos\mykitfilms\debug\struct.obj
c:\users\comrade\source\repos\mykitfilms\debug\functions.obj
c:\users\comrade\desktop\mykitfilms\debug\vc142.pdb
c:\users\comrade\desktop\mykitfilms\debug\vc142.idb
c:\users\comrade\desktop\mykitfilms\debug\struct.obj
c:\users\comrade\desktop\mykitfilms\debug\main.obj
c:\users\comrade\desktop\mykitfilms\debug\functions.obj
c:\users\comrade\source\repos\mykitfilms\debug\mykitfilms.exe
c:\users\comrade\source\repos\mykitfilms\debug\mykitfilms.ilk
c:\users\comrade\source\repos\mykitfilms\debug\mykitfilms.pdb
c:\users\comrade\desktop\mykitfilms\debug\mykitfilms.exe
c:\users\comrade\desktop\mykitfilms\debug\mykitfilms.ilk
c:\users\comrade\desktop\mykitfilms\debug\mykitfilms.pdb
c:\users\comrade\desktop\mykitfilms\debug\mykitfilms.tlog\cl.command.1.tlog
c:\users\comrade\desktop\mykitfilms\debug\mykitfilms.tlog\cl.read.1.tlog
c:\users\comrade\desktop\mykitfilms\debug\mykitfilms.tlog\cl.write.1.tlog
c:\users\comrade\desktop\mykitfilms\debug\mykitfilms.tlog\link.command.1.tlog
c:\users\comrade\desktop\mykitfilms\debug\mykitfilms.tlog\link.read.1.tlog
c:\users\comrade\desktop\mykitfilms\debug\mykitfilms.tlog\link.write.1.tlog
